<?xml version="1.0" encoding="UTF-8"?>
<!-- Generated by org.testng.reporters.JUnitReportReporter -->
<testsuite hostname="DESKTOP-JJM95Q6" failures="0" tests="3" name="TestNGPackage1.DataProviderTest2" time="10.008" errors="0" timestamp="2020-10-02T12:40:23 IST" skipped="0">
  <testcase classname="TestNGPackage1.DataProviderTest2" name="testMethod" time="3.296"/>
  <system-out/>
  <testcase classname="TestNGPackage1.DataProviderTest2" name="testMethod" time="3.370"/>
  <system-out/>
  <testcase classname="TestNGPackage1.DataProviderTest2" name="testMethod" time="3.342"/>
  <system-out/>
</testsuite> <!-- TestNGPackage1.DataProviderTest2 -->
