<?xml version="1.0" encoding="UTF-8"?>
<!-- Generated by org.testng.reporters.JUnitReportReporter -->
<testsuite hostname="DESKTOP-JJM95Q6" failures="0" tests="1" name="TestNGPackage1.XMLClass2" time="0.432" errors="0" timestamp="2020-10-14T11:23:05 IST" skipped="0">
  <testcase classname="TestNGPackage1.XMLClass2" name="verifyXMLParameters" time="0.432"/>
  <system-out/>
</testsuite> <!-- TestNGPackage1.XMLClass2 -->
