<?xml version="1.0" encoding="UTF-8"?>
<!-- Generated by org.testng.reporters.JUnitReportReporter -->
<testsuite hostname="DESKTOP-JJM95Q6" failures="0" tests="1" name="TestNGPackage1.TestNGXML" time="0.300" errors="0" timestamp="2020-10-14T11:23:05 IST" skipped="0">
  <testcase classname="TestNGPackage1.TestNGXML" name="verifyXMLParameters" time="0.300"/>
  <system-out/>
</testsuite> <!-- TestNGPackage1.TestNGXML -->
