<?xml version="1.0" encoding="UTF-8"?>
<!-- Generated by org.testng.reporters.JUnitReportReporter -->
<testsuite hostname="DESKTOP-JJM95Q6" failures="0" tests="3" name="TestNGPackage1.DataProvidedTest" time="9.975" errors="0" timestamp="2020-10-02T12:33:53 IST" skipped="0">
  <testcase classname="TestNGPackage1.DataProvidedTest" name="testMethod" time="3.258"/>
  <system-out/>
  <testcase classname="TestNGPackage1.DataProvidedTest" name="testMethod" time="3.421"/>
  <system-out/>
  <testcase classname="TestNGPackage1.DataProvidedTest" name="testMethod" time="3.296"/>
  <system-out/>
</testsuite> <!-- TestNGPackage1.DataProvidedTest -->
