<?xml version="1.0" encoding="UTF-8"?>
<!-- Generated by org.testng.reporters.JUnitReportReporter -->
<testsuite hostname="DESKTOP-JJM95Q6" failures="0" tests="3" name="TestNGPackage1.DataProvidedTest" time="9.653" errors="0" timestamp="2020-10-02T10:54:37 IST" skipped="0">
  <testcase classname="TestNGPackage1.DataProvidedTest" name="testMethod" time="3.204"/>
  <system-out/>
  <testcase classname="TestNGPackage1.DataProvidedTest" name="testMethod" time="3.251"/>
  <system-out/>
  <testcase classname="TestNGPackage1.DataProvidedTest" name="testMethod" time="3.198"/>
  <system-out/>
</testsuite> <!-- TestNGPackage1.DataProvidedTest -->
