<?xml version="1.0" encoding="UTF-8"?>
<!-- Generated by org.testng.reporters.JUnitReportReporter -->
<testsuite hostname="DESKTOP-JJM95Q6" failures="0" tests="3" name="TestNGPackage1.DataDrivenTest1" time="10.952" errors="0" timestamp="2020-10-02T12:48:53 IST" skipped="0">
  <testcase classname="TestNGPackage1.DataDrivenTest1" name="testMethod" time="3.351"/>
  <system-out/>
  <testcase classname="TestNGPackage1.DataDrivenTest1" name="testMethod" time="3.313"/>
  <system-out/>
  <testcase classname="TestNGPackage1.DataDrivenTest1" name="testMethod" time="4.288"/>
  <system-out/>
</testsuite> <!-- TestNGPackage1.DataDrivenTest1 -->
